<?xml version="1.0" encoding="UTF-8"?>
<!-- Generated by org.testng.reporters.JUnitReportReporter -->
<testsuite hostname="DESKTOP-UC70A16" failures="0" tests="1" name="qaclickacademy.AppiumTest" time="0.009" errors="0" timestamp="2022-03-25T08:19:55 IST" skipped="0">
  <testcase classname="qaclickacademy.AppiumTest" name="app" time="0.009"/>
  <system-out/>
</testsuite> <!-- qaclickacademy.AppiumTest -->
