<?xml version="1.0" encoding="UTF-8"?>
<!-- Generated by org.testng.reporters.JUnitReportReporter -->
<testsuite hostname="DESKTOP-UC70A16" failures="0" tests="2" name="qaclickacademy.SeleniumTest" time="0.017" errors="0" timestamp="2022-03-25T08:19:45 IST" skipped="0">
  <testcase classname="qaclickacademy.SeleniumTest" name="sel" time="0.013"/>
  <system-out/>
  <testcase classname="qaclickacademy.SeleniumTest" name="sel1" time="0.004"/>
  <system-out/>
</testsuite> <!-- qaclickacademy.SeleniumTest -->
