<?xml version="1.0" encoding="UTF-8"?>
<!-- Generated by org.testng.reporters.JUnitReportReporter -->
<testsuite hostname="DESKTOP-UC70A16" failures="0" tests="2" name="qaclickacademy.RESTAPITest" time="0.011" errors="0" timestamp="2022-03-25T08:20:04 IST" skipped="0">
  <testcase classname="qaclickacademy.RESTAPITest" name="rest" time="0.010"/>
  <system-out/>
  <testcase classname="qaclickacademy.RESTAPITest" name="rest1" time="0.001"/>
  <system-out/>
</testsuite> <!-- qaclickacademy.RESTAPITest -->
