<?xml version="1.0" encoding="UTF-8"?>
<!-- Generated by org.testng.reporters.JUnitReportReporter -->
<testsuite skipped="0" hostname="DESKTOP-UC70A16" name="qaclickacademy.RESTAPITest" tests="2" failures="0" timestamp="2022-03-25T11:14:11 IST" time="0.001" errors="0">
  <testcase name="rest" time="0.001" classname="qaclickacademy.RESTAPITest"/>
  <system-out/>
  <testcase name="rest1" time="0.000" classname="qaclickacademy.RESTAPITest"/>
  <system-out/>
</testsuite> <!-- qaclickacademy.RESTAPITest -->
