<?xml version="1.0" encoding="UTF-8"?>
<!-- Generated by org.testng.reporters.JUnitReportReporter -->
<testsuite skipped="0" hostname="DESKTOP-UC70A16" name="qaclickacademy.AppiumTest" tests="2" failures="0" timestamp="2022-03-25T11:14:25 IST" time="0.012" errors="0">
  <testcase name="app" time="0.011" classname="qaclickacademy.AppiumTest"/>
  <system-out/>
  <testcase name="app1" time="0.001" classname="qaclickacademy.AppiumTest"/>
  <system-out/>
</testsuite> <!-- qaclickacademy.AppiumTest -->
