<?xml version="1.0" encoding="UTF-8"?>
<!-- Generated by org.testng.reporters.JUnitReportReporter -->
<testsuite skipped="0" hostname="DESKTOP-UC70A16" name="qaclickacademy.SeleniumTest" tests="2" failures="0" timestamp="2022-03-25T11:14:11 IST" time="0.000" errors="0">
  <testcase name="sel" time="0.000" classname="qaclickacademy.SeleniumTest"/>
  <system-out/>
  <testcase name="sel1" time="0.000" classname="qaclickacademy.SeleniumTest"/>
  <system-out/>
</testsuite> <!-- qaclickacademy.SeleniumTest -->
